c:\users\richard\documents\ingenuityworkspace\frameworklib\debug dx11\frameworklib.pch
c:\users\richard\documents\ingenuityworkspace\frameworklib\debug dx11\vc120.pdb
c:\users\richard\documents\ingenuityworkspace\frameworklib\debug dx11\vc120.idb
c:\users\richard\documents\ingenuityworkspace\frameworklib\debug dx11\stdafx.obj
c:\users\richard\documents\ingenuityworkspace\frameworklib\debug dx11\heightparser.obj
c:\users\richard\documents\ingenuityworkspace\frameworklib\debug dx11\freeimageapi.obj
c:\users\richard\documents\ingenuityworkspace\frameworklib\debug dx11\debug.obj
c:\users\richard\documents\ingenuityworkspace\frameworklib\debug dx11\isosurface.obj
c:\users\richard\documents\ingenuityworkspace\frameworklib\debug dx11\luainterpreter.obj
c:\users\richard\documents\ingenuityworkspace\frameworklib\debug dx11\scriptlogger.obj
c:\users\richard\documents\ingenuityworkspace\frameworklib\debug dx11\shaderparser.obj
c:\users\richard\documents\ingenuityworkspace\frameworklib\debug dx11\stepmgr.obj
c:\users\richard\documents\ingenuityworkspace\frameworklib\debug dx11\wicimageapi.obj
c:\users\richard\documents\ingenuityworkspace\frameworklib\debug dx11\win32fileapi.obj
c:\users\richard\documents\ingenuityworkspace\frameworklib\debug dx11\inputstate.obj
c:\users\richard\documents\ingenuityworkspace\frameworklib\debug dx11\mtlparser.obj
c:\users\richard\documents\ingenuityworkspace\frameworklib\debug dx11\objparser.obj
c:\users\richard\documents\ingenuityworkspace\frameworklib\debug dx11\assetmgr.obj
c:\users\richard\documents\ingenuityworkspace\frameworklib\debug dx11\soundfilereader.obj
c:\users\richard\documents\ingenuityworkspace\frameworklib\debug dx11\svgparser.obj
c:\users\richard\documents\ingenuityworkspace\frameworklib\debug dx11\tinyxml2.obj
c:\users\richard\documents\ingenuityworkspace\frameworklib\debug dx11\wavefrontloader.obj
c:\users\richard\documents\ingenuityworkspace\frameworklib\debug dx11\win32appcontroller.obj
c:\users\richard\documents\ingenuityworkspace\frameworklib\debug dx11\xaudio2api.obj
c:\users\richard\documents\ingenuityworkspace\frameworklib\debug dx11\dx11api.obj
c:\users\richard\documents\ingenuityworkspace\frameworklib\debug dx11\dx11samplers.obj
c:\users\richard\documents\ingenuityworkspace\frameworklib\debug dx11\dx11shaderloader.obj
c:\users\richard\documents\ingenuityworkspace\frameworklib\debug dx11\dx11shaders.obj
c:\users\richard\documents\ingenuityworkspace\frameworklib\debug dx11\dx11surfaces.obj
c:\users\richard\documents\ingenuityworkspace\frameworklib\debug dx11\dx9api.obj
c:\users\richard\documents\ingenuityworkspace\frameworklib\debug dx11\win32window.obj
c:\users\richard\documents\ingenuityworkspace\frameworklib\debug dx11\dx9shaders.obj
c:\users\richard\documents\ingenuityworkspace\frameworklib\debug dx11\dx9surfaces.obj
c:\users\richard\documents\ingenuityworkspace\frameworklib\debug dx11\geobuilder.obj
c:\users\richard\documents\ingenuityworkspace\ingenuity\debug dx11\baseshaderpixposcol.cso
c:\users\richard\documents\ingenuityworkspace\ingenuity\debug dx11\baseshaderpixposnor.cso
c:\users\richard\documents\ingenuityworkspace\ingenuity\debug dx11\baseshaderpixposnortantex.cso
c:\users\richard\documents\ingenuityworkspace\ingenuity\debug dx11\baseshaderpixposnortex.cso
c:\users\richard\documents\ingenuityworkspace\ingenuity\debug dx11\baseshadervtxposcol.cso
c:\users\richard\documents\ingenuityworkspace\ingenuity\debug dx11\baseshadervtxposnor.cso
c:\users\richard\documents\ingenuityworkspace\ingenuity\debug dx11\baseshadervtxposnorpos.cso
c:\users\richard\documents\ingenuityworkspace\ingenuity\debug dx11\baseshadervtxposnortantex.cso
c:\users\richard\documents\ingenuityworkspace\ingenuity\debug dx11\baseshadervtxposnortex.cso
c:\users\richard\documents\ingenuityworkspace\ingenuity\debug dx11\baseshadervtxposnortexpos.cso
c:\users\richard\documents\ingenuityworkspace\ingenuity\debug dx11\blurshaderpixpostex.cso
c:\users\richard\documents\ingenuityworkspace\ingenuity\debug dx11\brightpassfilterpixpostex.cso
c:\users\richard\documents\ingenuityworkspace\ingenuity\debug dx11\downsamplepixpostex.cso
c:\users\richard\documents\ingenuityworkspace\ingenuity\debug dx11\eyeadaptationpixpostex.cso
c:\users\richard\documents\ingenuityworkspace\ingenuity\debug dx11\gaussianpixpostex.cso
c:\users\richard\documents\ingenuityworkspace\ingenuity\debug dx11\halftonedotspixpostex.cso
c:\users\richard\documents\ingenuityworkspace\ingenuity\debug dx11\halftonedotsvtxpostex.cso
c:\users\richard\documents\ingenuityworkspace\ingenuity\debug dx11\logluminancepixpostex.cso
c:\users\richard\documents\ingenuityworkspace\ingenuity\debug dx11\matcapshaderpixposnor.cso
c:\users\richard\documents\ingenuityworkspace\ingenuity\debug dx11\matcapshadervtxposnor.cso
c:\users\richard\documents\ingenuityworkspace\ingenuity\debug dx11\matcapshadervtxposnortex.cso
c:\users\richard\documents\ingenuityworkspace\ingenuity\debug dx11\multitextureanimyvtxposnortex.cso
c:\users\richard\documents\ingenuityworkspace\ingenuity\debug dx11\multitexturepixposnortex.cso
c:\users\richard\documents\ingenuityworkspace\ingenuity\debug dx11\multitexturevtxposnortex.cso
c:\users\richard\documents\ingenuityworkspace\ingenuity\debug dx11\pathshaderpixposposcol.cso
c:\users\richard\documents\ingenuityworkspace\ingenuity\debug dx11\pathshaderpixpostex.cso
c:\users\richard\documents\ingenuityworkspace\ingenuity\debug dx11\pathshadervtxpos.cso
c:\users\richard\documents\ingenuityworkspace\ingenuity\debug dx11\pathshadervtxposposcol.cso
c:\users\richard\documents\ingenuityworkspace\ingenuity\debug dx11\pathshadervtxpostex.cso
c:\users\richard\documents\ingenuityworkspace\ingenuity\debug dx11\projectorpixposnortex.cso
c:\users\richard\documents\ingenuityworkspace\ingenuity\debug dx11\projectorvtxposnortex.cso
c:\users\richard\documents\ingenuityworkspace\ingenuity\debug dx11\skyshaderpixpos.cso
c:\users\richard\documents\ingenuityworkspace\ingenuity\debug dx11\skyshadervtxpos.cso
c:\users\richard\documents\ingenuityworkspace\ingenuity\debug dx11\bloomshaderpixpostex.cso
c:\users\richard\documents\ingenuityworkspace\ingenuity\debug dx11\texturecopypixpostex.cso
c:\users\richard\documents\ingenuityworkspace\ingenuity\debug dx11\texturecopyvtxpostex.cso
c:\users\richard\documents\ingenuityworkspace\ingenuity\debug dx11\texturemergepixpostex.cso
c:\users\richard\documents\ingenuityworkspace\ingenuity\debug dx11\texturemulpixpostex.cso
c:\users\richard\documents\ingenuityworkspace\ingenuity\debug dx11\tonemappingpixpostex.cso
c:\users\richard\documents\ingenuityworkspace\ingenuity\debug dx11\watershaderpixposnortantex.cso
c:\users\richard\documents\ingenuityworkspace\ingenuity\debug dx11\watershadervtxposnortantex.cso
c:\users\richard\documents\ingenuityworkspace\ingenuity\debug dx11\baseshader.cso
c:\users\richard\documents\ingenuityworkspace\ingenuity\debug dx11\baseshaderadd.cso
c:\users\richard\documents\ingenuityworkspace\ingenuity\debug dx11\bluranddark.cso
c:\users\richard\documents\ingenuityworkspace\ingenuity\debug dx11\boxblur.cso
c:\users\richard\documents\ingenuityworkspace\ingenuity\debug dx11\colorvignette.cso
c:\users\richard\documents\ingenuityworkspace\ingenuity\debug dx11\common.cso
c:\users\richard\documents\ingenuityworkspace\ingenuity\debug dx11\darken.cso
c:\users\richard\documents\ingenuityworkspace\ingenuity\debug dx11\halftonedots.cso
c:\users\richard\documents\ingenuityworkspace\ingenuity\debug dx11\multitexture.cso
c:\users\richard\documents\ingenuityworkspace\ingenuity\debug dx11\multitextureanimy.cso
c:\users\richard\documents\ingenuityworkspace\ingenuity\debug dx11\pathshader.cso
c:\users\richard\documents\ingenuityworkspace\ingenuity\debug dx11\ripplelight.cso
c:\users\richard\documents\ingenuityworkspace\ingenuity\debug dx11\sky.cso
c:\users\richard\documents\ingenuityworkspace\ingenuity\debug dx11\textureadd.cso
c:\users\richard\documents\ingenuityworkspace\ingenuity\debug dx11\texturecopy.cso
c:\users\richard\documents\ingenuityworkspace\ingenuity\debug dx11\watershader.cso
c:\users\richard\documents\ingenuityworkspace\ingenuity\debug dx11\frameworklib.lib
c:\users\richard\documents\ingenuityworkspace\frameworklib\debug dx11\frameworklib.tlog\cl.command.1.tlog
c:\users\richard\documents\ingenuityworkspace\frameworklib\debug dx11\frameworklib.tlog\cl.read.1.tlog
c:\users\richard\documents\ingenuityworkspace\frameworklib\debug dx11\frameworklib.tlog\cl.write.1.tlog
c:\users\richard\documents\ingenuityworkspace\frameworklib\debug dx11\frameworklib.tlog\frameworklib.write.1u.tlog
c:\users\richard\documents\ingenuityworkspace\frameworklib\debug dx11\frameworklib.tlog\fxc.command.1.tlog
c:\users\richard\documents\ingenuityworkspace\frameworklib\debug dx11\frameworklib.tlog\fxc.read.1.tlog
c:\users\richard\documents\ingenuityworkspace\frameworklib\debug dx11\frameworklib.tlog\fxc.write.1.tlog
c:\users\richard\documents\ingenuityworkspace\frameworklib\debug dx11\frameworklib.tlog\lib-link.read.1.tlog
c:\users\richard\documents\ingenuityworkspace\frameworklib\debug dx11\frameworklib.tlog\lib-link.write.1.tlog
c:\users\richard\documents\ingenuityworkspace\frameworklib\debug dx11\frameworklib.tlog\lib.command.1.tlog
